2021-06-22 15:20:32,242 INFO o.a.j.u.JMeterUtils: Setting Locale to en_EN
2021-06-22 15:20:32,281 INFO o.a.j.JMeter: Loading user properties from: /usr/local/Cellar/jmeter/5.4.1/libexec/bin/user.properties
2021-06-22 15:20:32,282 INFO o.a.j.JMeter: Loading system properties from: /usr/local/Cellar/jmeter/5.4.1/libexec/bin/system.properties
2021-06-22 15:20:32,290 INFO o.a.j.JMeter: Copyright (c) 1998-2021 The Apache Software Foundation
2021-06-22 15:20:32,290 INFO o.a.j.JMeter: Version 5.4.1
2021-06-22 15:20:32,290 INFO o.a.j.JMeter: java.version=15.0.2
2021-06-22 15:20:32,290 INFO o.a.j.JMeter: java.vm.name=OpenJDK 64-Bit Server VM
2021-06-22 15:20:32,291 INFO o.a.j.JMeter: os.name=Mac OS X
2021-06-22 15:20:32,291 INFO o.a.j.JMeter: os.arch=x86_64
2021-06-22 15:20:32,291 INFO o.a.j.JMeter: os.version=11.2.1
2021-06-22 15:20:32,291 INFO o.a.j.JMeter: file.encoding=UTF-8
2021-06-22 15:20:32,291 INFO o.a.j.JMeter: java.awt.headless=null
2021-06-22 15:20:32,291 INFO o.a.j.JMeter: Max memory     =1073741824
2021-06-22 15:20:32,291 INFO o.a.j.JMeter: Available Processors =4
2021-06-22 15:20:32,301 INFO o.a.j.JMeter: Default Locale=English (EN)
2021-06-22 15:20:32,301 INFO o.a.j.JMeter: JMeter  Locale=English (EN)
2021-06-22 15:20:32,301 INFO o.a.j.JMeter: JMeterHome=/usr/local/Cellar/jmeter/5.4.1/libexec
2021-06-22 15:20:32,302 INFO o.a.j.JMeter: user.dir  =/Users/waynechu/Downloads/simple-egg-test
2021-06-22 15:20:32,302 INFO o.a.j.JMeter: PWD       =/Users/waynechu/Downloads/simple-egg-test
2021-06-22 15:20:32,320 INFO o.a.j.JMeter: IP: 192.168.49.49 Name: waynechude-MBP FullName: waynechude-mbp
2021-06-22 15:20:33,691 INFO o.a.j.JMeter: Setting LAF to: com.github.weisj.darklaf.DarkLaf:com.github.weisj.darklaf.theme.DarculaTheme
2021-06-22 15:20:36,673 INFO o.a.j.JMeter: Loaded icon properties from org/apache/jmeter/images/icon.properties
2021-06-22 15:20:38,241 INFO o.j.r.JARSourceHTTP: Found cached repo
2021-06-22 15:20:38,420 INFO o.j.r.PluginManager: Plugins Status: [jpgc-plugins-manager=1.6, jmeter-core=5.4.1, jmeter-ftp=5.4.1, jmeter-http=5.4.1, jmeter-jdbc=5.4.1, jmeter-jms=5.4.1, jmeter-junit=5.4.1, jmeter-java=5.4.1, jmeter-ldap=5.4.1, jmeter-mail=5.4.1, jmeter-mongodb=5.4.1, jmeter-native=5.4.1, jmeter-tcp=5.4.1, jmeter-components=5.4.1]
2021-06-22 15:21:19,415 INFO o.a.j.s.FileServer: Default base='/Users/waynechu/Downloads/simple-egg-test'
2021-06-22 15:21:19,418 INFO o.a.j.g.a.Load: Loading file: /Users/waynechu/Downloads/simple-egg-test/docker/jmeter/test/test.jmx
2021-06-22 15:21:19,419 INFO o.a.j.s.FileServer: Set new base='/Users/waynechu/Downloads/simple-egg-test/docker/jmeter/test'
2021-06-22 15:21:19,670 INFO o.a.j.s.SaveService: Testplan (JMX) version: 2.2. Testlog (JTL) version: 2.2
2021-06-22 15:21:19,681 INFO o.a.j.s.SaveService: Using SaveService properties version 5.0
2021-06-22 15:21:19,683 INFO o.a.j.s.SaveService: Using SaveService properties file encoding UTF-8
2021-06-22 15:21:19,685 INFO o.a.j.s.SaveService: Loading file: /Users/waynechu/Downloads/simple-egg-test/docker/jmeter/test/test.jmx
2021-06-22 15:21:19,839 INFO o.a.j.p.h.s.HTTPSamplerBase: Parser for text/html is org.apache.jmeter.protocol.http.parser.LagartoBasedHtmlParser
2021-06-22 15:21:19,839 INFO o.a.j.p.h.s.HTTPSamplerBase: Parser for application/xhtml+xml is org.apache.jmeter.protocol.http.parser.LagartoBasedHtmlParser
2021-06-22 15:21:19,840 INFO o.a.j.p.h.s.HTTPSamplerBase: Parser for application/xml is org.apache.jmeter.protocol.http.parser.LagartoBasedHtmlParser
2021-06-22 15:21:19,840 INFO o.a.j.p.h.s.HTTPSamplerBase: Parser for text/xml is org.apache.jmeter.protocol.http.parser.LagartoBasedHtmlParser
2021-06-22 15:21:19,840 INFO o.a.j.p.h.s.HTTPSamplerBase: Parser for text/vnd.wap.wml is org.apache.jmeter.protocol.http.parser.RegexpHTMLParser
2021-06-22 15:21:19,840 INFO o.a.j.p.h.s.HTTPSamplerBase: Parser for text/css is org.apache.jmeter.protocol.http.parser.CssParser
2021-06-22 15:21:19,849 INFO o.a.j.s.SampleResult: Note: Sample TimeStamps are START times
2021-06-22 15:21:19,849 INFO o.a.j.s.SampleResult: sampleresult.default.encoding is set to ISO-8859-1
2021-06-22 15:21:19,849 INFO o.a.j.s.SampleResult: sampleresult.useNanoTime=true
2021-06-22 15:21:19,849 INFO o.a.j.s.SampleResult: sampleresult.nanoThreadSleep=5000
2021-06-22 15:21:20,328 INFO o.a.j.v.ViewResultsFullVisualizer: Add JavaFX to your Java installation if you want to use renderer: org.apache.jmeter.visualizers.RenderInBrowser
2021-06-22 15:21:20,401 INFO o.a.j.s.FileServer: Set new base='/Users/waynechu/Downloads/simple-egg-test/docker/jmeter/test'
2021-06-22 15:37:12,175 INFO o.a.j.e.StandardJMeterEngine: Running the test!
2021-06-22 15:37:12,206 INFO o.a.j.s.SampleEvent: List of sample_variables: []
2021-06-22 15:37:12,206 INFO o.a.j.s.SampleEvent: List of sample_variables: []
2021-06-22 15:37:12,216 INFO o.a.j.e.u.CompoundVariable: Note: Function class names must contain the string: '.functions.'
2021-06-22 15:37:12,217 INFO o.a.j.e.u.CompoundVariable: Note: Function class names must not contain the string: '.gui.'
2021-06-22 15:37:12,308 INFO o.a.j.v.b.BackendListener: Backend Listener: Starting worker with class: class org.apache.jmeter.visualizers.backend.influxdb.InfluxdbBackendListenerClient and queue capacity: 5000
2021-06-22 15:37:12,310 INFO o.a.j.v.b.BackendListener: Backend Listener: Started  worker with class: class org.apache.jmeter.visualizers.backend.influxdb.InfluxdbBackendListenerClient
2021-06-22 15:37:12,432 INFO o.a.j.g.u.JMeterMenuBar: setRunning(true, *local*)
2021-06-22 15:37:12,473 INFO o.a.j.e.StandardJMeterEngine: Starting ThreadGroup: 1 : JMeter Users
2021-06-22 15:37:12,473 INFO o.a.j.e.StandardJMeterEngine: Starting 1 threads for group JMeter Users.
2021-06-22 15:37:12,473 INFO o.a.j.e.StandardJMeterEngine: Thread will continue on error
2021-06-22 15:37:12,473 INFO o.a.j.t.ThreadGroup: Starting thread group... number=1 threads=1 ramp-up=1 delayedStart=false
2021-06-22 15:37:12,479 INFO o.a.j.t.ThreadGroup: Started thread group number 1
2021-06-22 15:37:12,480 INFO o.a.j.e.StandardJMeterEngine: All thread groups have been started
2021-06-22 15:37:12,481 INFO o.a.j.t.JMeterThread: Thread started: JMeter Users 1-1
2021-06-22 15:37:12,513 INFO o.a.j.p.h.s.HTTPHCAbstractImpl: Local host = waynechude-MBP
2021-06-22 15:37:12,526 INFO o.a.j.p.h.s.HTTPHC4Impl: HTTP request retry count = 0
2021-06-22 15:37:12,518 ERROR o.a.j.v.b.i.HttpMetricsSender: failed to send data to influxDB server.
java.net.UnknownHostException: influxdb: nodename nor servname provided, or not known
	at java.net.Inet6AddressImpl.lookupAllHostAddr(Native Method) ~[?:?]
	at java.net.InetAddress$PlatformNameService.lookupAllHostAddr(InetAddress.java:932) ~[?:?]
	at java.net.InetAddress.getAddressesFromNameService(InetAddress.java:1517) ~[?:?]
	at java.net.InetAddress$NameServiceAddresses.get(InetAddress.java:851) ~[?:?]
	at java.net.InetAddress.getAllByName0(InetAddress.java:1507) ~[?:?]
	at java.net.InetAddress.getAllByName(InetAddress.java:1366) ~[?:?]
	at java.net.InetAddress.getAllByName(InetAddress.java:1300) ~[?:?]
	at org.apache.http.impl.conn.SystemDefaultDnsResolver.resolve(SystemDefaultDnsResolver.java:45) ~[httpclient-4.5.12.jar:4.5.12]
	at org.apache.http.impl.nio.conn.PoolingNHttpClientConnectionManager$InternalAddressResolver.resolveRemoteAddress(PoolingNHttpClientConnectionManager.java:664) ~[httpasyncclient-4.1.4.jar:4.1.4]
	at org.apache.http.impl.nio.conn.PoolingNHttpClientConnectionManager$InternalAddressResolver.resolveRemoteAddress(PoolingNHttpClientConnectionManager.java:635) ~[httpasyncclient-4.1.4.jar:4.1.4]
	at org.apache.http.nio.pool.AbstractNIOConnPool.processPendingRequest(AbstractNIOConnPool.java:474) [httpcore-nio-4.4.13.jar:4.4.13]
	at org.apache.http.nio.pool.AbstractNIOConnPool.lease(AbstractNIOConnPool.java:280) [httpcore-nio-4.4.13.jar:4.4.13]
	at org.apache.http.impl.nio.conn.PoolingNHttpClientConnectionManager.requestConnection(PoolingNHttpClientConnectionManager.java:295) [httpasyncclient-4.1.4.jar:4.1.4]
	at org.apache.http.impl.nio.client.AbstractClientExchangeHandler.requestConnection(AbstractClientExchangeHandler.java:377) [httpasyncclient-4.1.4.jar:4.1.4]
	at org.apache.http.impl.nio.client.DefaultClientExchangeHandlerImpl.start(DefaultClientExchangeHandlerImpl.java:129) [httpasyncclient-4.1.4.jar:4.1.4]
	at org.apache.http.impl.nio.client.InternalHttpAsyncClient.execute(InternalHttpAsyncClient.java:141) [httpasyncclient-4.1.4.jar:4.1.4]
	at org.apache.http.impl.nio.client.CloseableHttpAsyncClient.execute(CloseableHttpAsyncClient.java:75) [httpasyncclient-4.1.4.jar:4.1.4]
	at org.apache.http.impl.nio.client.CloseableHttpAsyncClient.execute(CloseableHttpAsyncClient.java:108) [httpasyncclient-4.1.4.jar:4.1.4]
	at org.apache.http.impl.nio.client.CloseableHttpAsyncClient.execute(CloseableHttpAsyncClient.java:92) [httpasyncclient-4.1.4.jar:4.1.4]
	at org.apache.jmeter.visualizers.backend.influxdb.HttpMetricsSender.writeAndSendMetrics(HttpMetricsSender.java:196) [ApacheJMeter_components.jar:5.4.1]
	at org.apache.jmeter.visualizers.backend.influxdb.HttpMetricsSender.writeAndSendMetrics(HttpMetricsSender.java:173) [ApacheJMeter_components.jar:5.4.1]
	at org.apache.jmeter.visualizers.backend.influxdb.InfluxdbBackendListenerClient.sendMetrics(InfluxdbBackendListenerClient.java:168) [ApacheJMeter_components.jar:5.4.1]
	at org.apache.jmeter.visualizers.backend.influxdb.InfluxdbBackendListenerClient.run(InfluxdbBackendListenerClient.java:135) [ApacheJMeter_components.jar:5.4.1]
	at java.util.concurrent.Executors$RunnableAdapter.call(Executors.java:515) [?:?]
	at java.util.concurrent.FutureTask.runAndReset(FutureTask.java:305) [?:?]
	at java.util.concurrent.ScheduledThreadPoolExecutor$ScheduledFutureTask.run(ScheduledThreadPoolExecutor.java:305) [?:?]
	at java.util.concurrent.ThreadPoolExecutor.runWorker(ThreadPoolExecutor.java:1130) [?:?]
	at java.util.concurrent.ThreadPoolExecutor$Worker.run(ThreadPoolExecutor.java:630) [?:?]
	at java.lang.Thread.run(Thread.java:832) [?:?]
2021-06-22 15:37:13,477 INFO o.a.j.t.JMeterThread: Stopping because end time detected by thread: JMeter Users 1-1
2021-06-22 15:37:13,478 INFO o.a.j.t.JMeterThread: Thread finished: JMeter Users 1-1
2021-06-22 15:37:13,479 INFO o.a.j.e.StandardJMeterEngine: Notifying test listeners of end of test
2021-06-22 15:37:13,479 INFO o.a.j.v.b.BackendListener: Worker ended
2021-06-22 15:37:13,480 INFO o.a.j.v.b.i.InfluxdbBackendListenerClient: Sending last metrics to InfluxDB
2021-06-22 15:37:13,495 ERROR o.a.j.v.b.i.HttpMetricsSender: failed to send data to influxDB server.
java.net.UnknownHostException: influxdb
	at java.net.InetAddress$CachedAddresses.get(InetAddress.java:800) ~[?:?]
	at java.net.InetAddress.getAllByName0(InetAddress.java:1507) ~[?:?]
	at java.net.InetAddress.getAllByName(InetAddress.java:1366) ~[?:?]
	at java.net.InetAddress.getAllByName(InetAddress.java:1300) ~[?:?]
	at org.apache.http.impl.conn.SystemDefaultDnsResolver.resolve(SystemDefaultDnsResolver.java:45) ~[httpclient-4.5.12.jar:4.5.12]
	at org.apache.http.impl.nio.conn.PoolingNHttpClientConnectionManager$InternalAddressResolver.resolveRemoteAddress(PoolingNHttpClientConnectionManager.java:664) ~[httpasyncclient-4.1.4.jar:4.1.4]
	at org.apache.http.impl.nio.conn.PoolingNHttpClientConnectionManager$InternalAddressResolver.resolveRemoteAddress(PoolingNHttpClientConnectionManager.java:635) ~[httpasyncclient-4.1.4.jar:4.1.4]
	at org.apache.http.nio.pool.AbstractNIOConnPool.processPendingRequest(AbstractNIOConnPool.java:474) [httpcore-nio-4.4.13.jar:4.4.13]
	at org.apache.http.nio.pool.AbstractNIOConnPool.lease(AbstractNIOConnPool.java:280) [httpcore-nio-4.4.13.jar:4.4.13]
	at org.apache.http.impl.nio.conn.PoolingNHttpClientConnectionManager.requestConnection(PoolingNHttpClientConnectionManager.java:295) [httpasyncclient-4.1.4.jar:4.1.4]
	at org.apache.http.impl.nio.client.AbstractClientExchangeHandler.requestConnection(AbstractClientExchangeHandler.java:377) [httpasyncclient-4.1.4.jar:4.1.4]
	at org.apache.http.impl.nio.client.DefaultClientExchangeHandlerImpl.start(DefaultClientExchangeHandlerImpl.java:129) [httpasyncclient-4.1.4.jar:4.1.4]
	at org.apache.http.impl.nio.client.InternalHttpAsyncClient.execute(InternalHttpAsyncClient.java:141) [httpasyncclient-4.1.4.jar:4.1.4]
	at org.apache.http.impl.nio.client.CloseableHttpAsyncClient.execute(CloseableHttpAsyncClient.java:75) [httpasyncclient-4.1.4.jar:4.1.4]
	at org.apache.http.impl.nio.client.CloseableHttpAsyncClient.execute(CloseableHttpAsyncClient.java:108) [httpasyncclient-4.1.4.jar:4.1.4]
	at org.apache.http.impl.nio.client.CloseableHttpAsyncClient.execute(CloseableHttpAsyncClient.java:92) [httpasyncclient-4.1.4.jar:4.1.4]
	at org.apache.jmeter.visualizers.backend.influxdb.HttpMetricsSender.writeAndSendMetrics(HttpMetricsSender.java:196) [ApacheJMeter_components.jar:5.4.1]
	at org.apache.jmeter.visualizers.backend.influxdb.HttpMetricsSender.writeAndSendMetrics(HttpMetricsSender.java:173) [ApacheJMeter_components.jar:5.4.1]
	at org.apache.jmeter.visualizers.backend.influxdb.InfluxdbBackendListenerClient.sendMetrics(InfluxdbBackendListenerClient.java:168) [ApacheJMeter_components.jar:5.4.1]
	at org.apache.jmeter.visualizers.backend.influxdb.InfluxdbBackendListenerClient.teardownTest(InfluxdbBackendListenerClient.java:418) [ApacheJMeter_components.jar:5.4.1]
	at org.apache.jmeter.visualizers.backend.BackendListener.testEnded(BackendListener.java:375) [ApacheJMeter_components.jar:5.4.1]
	at org.apache.jmeter.visualizers.backend.BackendListener.testEnded(BackendListener.java:383) [ApacheJMeter_components.jar:5.4.1]
	at org.apache.jmeter.engine.StandardJMeterEngine.notifyTestListenersOfEnd(StandardJMeterEngine.java:218) [ApacheJMeter_core.jar:5.4.1]
	at org.apache.jmeter.engine.StandardJMeterEngine.run(StandardJMeterEngine.java:493) [ApacheJMeter_core.jar:5.4.1]
	at java.lang.Thread.run(Thread.java:832) [?:?]
2021-06-22 15:37:13,496 INFO o.a.j.v.b.i.HttpMetricsSender: Destroying 
2021-06-22 15:37:13,496 ERROR o.a.j.v.b.i.HttpMetricsSender: Error waiting for last request to be send to InfluxDB
java.util.concurrent.ExecutionException: java.net.UnknownHostException: influxdb
	at org.apache.http.concurrent.BasicFuture.getResult(BasicFuture.java:71) ~[httpcore-4.4.13.jar:4.4.13]
	at org.apache.http.concurrent.BasicFuture.get(BasicFuture.java:95) ~[httpcore-4.4.13.jar:4.4.13]
	at org.apache.http.impl.nio.client.FutureWrapper.get(FutureWrapper.java:75) ~[httpasyncclient-4.1.4.jar:4.1.4]
	at org.apache.jmeter.visualizers.backend.influxdb.HttpMetricsSender.destroy(HttpMetricsSender.java:252) [ApacheJMeter_components.jar:5.4.1]
	at org.apache.jmeter.visualizers.backend.influxdb.InfluxdbBackendListenerClient.teardownTest(InfluxdbBackendListenerClient.java:420) [ApacheJMeter_components.jar:5.4.1]
	at org.apache.jmeter.visualizers.backend.BackendListener.testEnded(BackendListener.java:375) [ApacheJMeter_components.jar:5.4.1]
	at org.apache.jmeter.visualizers.backend.BackendListener.testEnded(BackendListener.java:383) [ApacheJMeter_components.jar:5.4.1]
	at org.apache.jmeter.engine.StandardJMeterEngine.notifyTestListenersOfEnd(StandardJMeterEngine.java:218) [ApacheJMeter_core.jar:5.4.1]
	at org.apache.jmeter.engine.StandardJMeterEngine.run(StandardJMeterEngine.java:493) [ApacheJMeter_core.jar:5.4.1]
	at java.lang.Thread.run(Thread.java:832) [?:?]
Caused by: java.net.UnknownHostException: influxdb
	at java.net.InetAddress$CachedAddresses.get(InetAddress.java:800) ~[?:?]
	at java.net.InetAddress.getAllByName0(InetAddress.java:1507) ~[?:?]
	at java.net.InetAddress.getAllByName(InetAddress.java:1366) ~[?:?]
	at java.net.InetAddress.getAllByName(InetAddress.java:1300) ~[?:?]
	at org.apache.http.impl.conn.SystemDefaultDnsResolver.resolve(SystemDefaultDnsResolver.java:45) ~[httpclient-4.5.12.jar:4.5.12]
	at org.apache.http.impl.nio.conn.PoolingNHttpClientConnectionManager$InternalAddressResolver.resolveRemoteAddress(PoolingNHttpClientConnectionManager.java:664) ~[httpasyncclient-4.1.4.jar:4.1.4]
	at org.apache.http.impl.nio.conn.PoolingNHttpClientConnectionManager$InternalAddressResolver.resolveRemoteAddress(PoolingNHttpClientConnectionManager.java:635) ~[httpasyncclient-4.1.4.jar:4.1.4]
	at org.apache.http.nio.pool.AbstractNIOConnPool.processPendingRequest(AbstractNIOConnPool.java:474) ~[httpcore-nio-4.4.13.jar:4.4.13]
	at org.apache.http.nio.pool.AbstractNIOConnPool.lease(AbstractNIOConnPool.java:280) ~[httpcore-nio-4.4.13.jar:4.4.13]
	at org.apache.http.impl.nio.conn.PoolingNHttpClientConnectionManager.requestConnection(PoolingNHttpClientConnectionManager.java:295) ~[httpasyncclient-4.1.4.jar:4.1.4]
	at org.apache.http.impl.nio.client.AbstractClientExchangeHandler.requestConnection(AbstractClientExchangeHandler.java:377) ~[httpasyncclient-4.1.4.jar:4.1.4]
	at org.apache.http.impl.nio.client.DefaultClientExchangeHandlerImpl.start(DefaultClientExchangeHandlerImpl.java:129) ~[httpasyncclient-4.1.4.jar:4.1.4]
	at org.apache.http.impl.nio.client.InternalHttpAsyncClient.execute(InternalHttpAsyncClient.java:141) ~[httpasyncclient-4.1.4.jar:4.1.4]
	at org.apache.http.impl.nio.client.CloseableHttpAsyncClient.execute(CloseableHttpAsyncClient.java:75) ~[httpasyncclient-4.1.4.jar:4.1.4]
	at org.apache.http.impl.nio.client.CloseableHttpAsyncClient.execute(CloseableHttpAsyncClient.java:108) ~[httpasyncclient-4.1.4.jar:4.1.4]
	at org.apache.http.impl.nio.client.CloseableHttpAsyncClient.execute(CloseableHttpAsyncClient.java:92) ~[httpasyncclient-4.1.4.jar:4.1.4]
	at org.apache.jmeter.visualizers.backend.influxdb.HttpMetricsSender.writeAndSendMetrics(HttpMetricsSender.java:196) ~[ApacheJMeter_components.jar:5.4.1]
	at org.apache.jmeter.visualizers.backend.influxdb.HttpMetricsSender.writeAndSendMetrics(HttpMetricsSender.java:173) ~[ApacheJMeter_components.jar:5.4.1]
	at org.apache.jmeter.visualizers.backend.influxdb.InfluxdbBackendListenerClient.sendMetrics(InfluxdbBackendListenerClient.java:168) ~[ApacheJMeter_components.jar:5.4.1]
	at org.apache.jmeter.visualizers.backend.influxdb.InfluxdbBackendListenerClient.teardownTest(InfluxdbBackendListenerClient.java:418) ~[ApacheJMeter_components.jar:5.4.1]
	... 5 more
2021-06-22 15:37:13,502 INFO o.a.j.g.u.JMeterMenuBar: setRunning(false, *local*)
